Arguments: 
  /usr/local/Cellar/node/9.7.1/bin/node /usr/local/Cellar/yarn/1.5.1/libexec/bin/yarn.js start

PATH: 
  /Users/tici/.rbenv/shims:/usr/local/opt/mongodb@3.4/bin:/usr/local/bin:/usr/bin:/bin:/usr/sbin:/sbin:/Users/tici/.rbenv/shims:/usr/local/opt/mongodb@3.4/bin

Yarn version: 
  1.5.1

Node version: 
  9.7.1

Platform: 
  darwin x64

npm manifest: 
  {
    "name": "ls",
    "version": "1.0.0",
    "description": "separation of concerns for front end and back end",
    "main": "index.js",
    "scripts": {
      "start": "run-p start:api start:www",
      "start:api": "npm run start --prefix api",
      "start:web": "npm run start --prefix www",
      "build": "run-p build:api build:www",
      "build:api": "cd api && npm run build && cd ..",
      "build:web": "cd www && npm run build && cd ..",
      "test": "echo \"Error: no test specified\" && exit 1"
    },
    "repository": {
      "type": "git",
      "url": "git+https://github.com/ticidesign/modular_project_scaffolding.git"
    },
    "author": "",
    "license": "ISC",
    "bugs": {
      "url": "https://github.com/ticidesign/modular_project_scaffolding/issues"
    },
    "homepage": "https://github.com/ticidesign/modular_project_scaffolding#readme",
    "devDependencies": {
      "npm-run-all": "^4.1.3"
    }
  }

yarn manifest: 
  No manifest

Lockfile: 
  No lockfile

Trace: 
  Error: Command failed.
  Exit code: 1
  Command: sh
  Arguments: -c run-p start:api start:www
  Directory: /Users/tici/learn/modular_project_scaffolding
  Output:
  
      at ProcessTermError.MessageError (/usr/local/Cellar/yarn/1.5.1/libexec/lib/cli.js:186:110)
      at new ProcessTermError (/usr/local/Cellar/yarn/1.5.1/libexec/lib/cli.js:226:113)
      at ChildProcess.<anonymous> (/usr/local/Cellar/yarn/1.5.1/libexec/lib/cli.js:30281:17)
      at ChildProcess.emit (events.js:127:13)
      at maybeClose (internal/child_process.js:936:16)
      at Process.ChildProcess._handle.onexit (internal/child_process.js:220:5)
